[01m[K/home/adi/ardu_ws/src/iq_gnc/src/server.cpp:[m[K In function â€˜[01m[Kint main(int, char**)[m[Kâ€™:
[01m[K/home/adi/ardu_ws/src/iq_gnc/src/server.cpp:14:47:[m[K [01;31m[Kerror: [m[Kâ€˜[01m[Krequest_from_building_ping[m[Kâ€™ was not declared in this scope
         nh.getParam("/request_from_building", [01;31m[Krequest_from_building_ping[m[K);
                                               [01;31m[K^~~~~~~~~~~~~~~~~~~~~~~~~~[m[K
[01m[K/home/adi/ardu_ws/src/iq_gnc/src/server.cpp:14:47:[m[K [01;36m[Knote: [m[Ksuggested alternative: â€˜[01m[Krequest_from_building[m[Kâ€™
         nh.getParam("/request_from_building", [01;36m[Krequest_from_building_ping[m[K);
                                               [01;36m[K^~~~~~~~~~~~~~~~~~~~~~~~~~[m[K
                                               [32m[Krequest_from_building[m[K
[01m[K/home/adi/ardu_ws/src/iq_gnc/src/server.cpp:29:34:[m[K [01;31m[Kerror: [m[Kâ€˜[01m[Kclass Server[m[Kâ€™ has no member named â€˜[01m[Ksend_coordinates[m[Kâ€™; did you mean â€˜[01m[Ksendcoordinates[m[Kâ€™?
                 server_instance->[01;31m[Ksend_coordinates[m[K(x_server, y_server);
                                  [01;31m[K^~~~~~~~~~~~~~~~[m[K
                                  [32m[Ksendcoordinates[m[K
make[2]: *** [CMakeFiles/server.dir/src/server.cpp.o] Error 1
make[1]: *** [CMakeFiles/server.dir/all] Error 2
make[1]: *** Waiting for unfinished jobs....
make: *** [all] Error 2
